<?xml version="1.0" encoding="UTF-8"?>
<testng-results ignored="0" total="1" passed="1" failed="0" skipped="0">
  <reporter-output>
  </reporter-output>
  <suite started-at="2024-11-12T15:16:44 IST" name="Suite" finished-at="2024-11-12T15:16:58 IST" duration-ms="14003">
    <groups>
    </groups>
    <test started-at="2024-11-12T15:16:44 IST" name="Test" finished-at="2024-11-12T15:16:58 IST" duration-ms="14003">
      <class name="com.mystore.testcases.TC_MyAccountPageTest">
        <test-method is-config="true" signature="setup()[pri:0, instance:com.mystore.testcases.TC_MyAccountPageTest@1169afe1]" started-at="2024-11-12T15:16:44 IST" name="setup" finished-at="2024-11-12T15:16:48 IST" duration-ms="3964" status="PASS">
          <reporter-output>
          </reporter-output>
        </test-method> <!-- setup -->
        <test-method signature="verifyRegistrationandLogin()[pri:0, instance:com.mystore.testcases.TC_MyAccountPageTest@1169afe1]" started-at="2024-11-12T15:16:48 IST" name="verifyRegistrationandLogin" finished-at="2024-11-12T15:16:58 IST" duration-ms="9959" status="PASS">
          <reporter-output>
          </reporter-output>
        </test-method> <!-- verifyRegistrationandLogin -->
      </class> <!-- com.mystore.testcases.TC_MyAccountPageTest -->
    </test> <!-- Test -->
  </suite> <!-- Suite -->
</testng-results>
